<?xml version="1.0" encoding="UTF-8"?>
<!-- Generated by org.testng.reporters.JUnitXMLReporter -->
<testsuite ignored="0" hostname="Asplapr898" failures="1" tests="1" name="BasicData" time="5.48" errors="0" timestamp="08 Apr 2022 04:49:28 GMT">
  <testcase classname="TestCase.AmazonTestCase" name="AmazonApplication" time="4.59">
    <failure type="org.openqa.selenium.SessionNotCreatedException" message="session not created: This version of ChromeDriver only supports Chrome version 97
Current browser version is 99.0.4844.84 with binary path C:\Program Files (x86)\Google\Chrome\Application\chrome.exe
Build info: version: &amp;apos;3.141.59&amp;apos;, revision: &amp;apos;e82be7d358&amp;apos;, time: &amp;apos;2018-11-14T08:17:03&amp;apos;
System info: host: &amp;apos;ASPLAPR898&amp;apos;, ip: &amp;apos;192.168.29.118&amp;apos;, os.name: &amp;apos;Windows 10&amp;apos;, os.arch: &amp;apos;amd64&amp;apos;, os.version: &amp;apos;10.0&amp;apos;, java.version: &amp;apos;17.0.1&amp;apos;
Driver info: driver.version: ChromeDriver
remote stacktrace: Backtrace:
	Ordinal0 [0x00FFFDC3+2555331]
	Ordinal0 [0x00F977F1+2127857]
	Ordinal0 [0x00E92E08+1060360]
	Ordinal0 [0x00EB19CA+1186250]
	Ordinal0 [0x00EAD825+1169445]
	Ordinal0 [0x00EAAFC1+1159105]
	Ordinal0 [0x00EDC22F+1360431]
	Ordinal0 [0x00EDBE9A+1359514]
	Ordinal0 [0x00ED7976+1341814]
	Ordinal0 [0x00EB36B6+1193654]
	Ordinal0 [0x00EB4546+1197382]
	GetHandleVerifier [0x01199622+1619522]
	GetHandleVerifier [0x0124882C+2336844]
	GetHandleVerifier [0x010923E1+541697]
	GetHandleVerifier [0x01091443+537699]
	Ordinal0 [0x00F9D18E+2150798]
	Ordinal0 [0x00FA1518+2168088]
	Ordinal0 [0x00FA1660+2168416]
	Ordinal0 [0x00FAB330+2208560]
	BaseThreadInitThunk [0x774BFA29+25]
	RtlGetAppContainerNamedObjectPath [0x77667A7E+286]
	RtlGetAppContainerNamedObjectPath [0x77667A4E+238]
">
      <![CDATA[org.openqa.selenium.SessionNotCreatedException: session not created: This version of ChromeDriver only supports Chrome version 97
Current browser version is 99.0.4844.84 with binary path C:\Program Files (x86)\Google\Chrome\Application\chrome.exe
Build info: version: '3.141.59', revision: 'e82be7d358', time: '2018-11-14T08:17:03'
System info: host: 'ASPLAPR898', ip: '192.168.29.118', os.name: 'Windows 10', os.arch: 'amd64', os.version: '10.0', java.version: '17.0.1'
Driver info: driver.version: ChromeDriver
remote stacktrace: Backtrace:
Ordinal0 [0x00FFFDC3+2555331]
Ordinal0 [0x00F977F1+2127857]
Ordinal0 [0x00E92E08+1060360]
Ordinal0 [0x00EB19CA+1186250]
Ordinal0 [0x00EAD825+1169445]
Ordinal0 [0x00EAAFC1+1159105]
Ordinal0 [0x00EDC22F+1360431]
Ordinal0 [0x00EDBE9A+1359514]
Ordinal0 [0x00ED7976+1341814]
Ordinal0 [0x00EB36B6+1193654]
Ordinal0 [0x00EB4546+1197382]
GetHandleVerifier [0x01199622+1619522]
GetHandleVerifier [0x0124882C+2336844]
GetHandleVerifier [0x010923E1+541697]
GetHandleVerifier [0x01091443+537699]
Ordinal0 [0x00F9D18E+2150798]
Ordinal0 [0x00FA1518+2168088]
Ordinal0 [0x00FA1660+2168416]
Ordinal0 [0x00FAB330+2208560]
BaseThreadInitThunk [0x774BFA29+25]
RtlGetAppContainerNamedObjectPath [0x77667A7E+286]
RtlGetAppContainerNamedObjectPath [0x77667A4E+238]

at org.openqa.selenium.remote.W3CHandshakeResponse.lambda$errorHandler$0(W3CHandshakeResponse.java:62)
at org.openqa.selenium.remote.HandshakeResponse.lambda$getResponseFunction$0(HandshakeResponse.java:30)
at org.openqa.selenium.remote.ProtocolHandshake.lambda$createSession$0(ProtocolHandshake.java:126)
at java.base/java.util.stream.ReferencePipeline$3$1.accept(ReferencePipeline.java:197)
at java.base/java.util.Spliterators$ArraySpliterator.tryAdvance(Spliterators.java:1002)
at java.base/java.util.stream.ReferencePipeline.forEachWithCancel(ReferencePipeline.java:129)
at java.base/java.util.stream.AbstractPipeline.copyIntoWithCancel(AbstractPipeline.java:527)
at java.base/java.util.stream.AbstractPipeline.copyInto(AbstractPipeline.java:513)
at java.base/java.util.stream.AbstractPipeline.wrapAndCopyInto(AbstractPipeline.java:499)
at java.base/java.util.stream.FindOps$FindOp.evaluateSequential(FindOps.java:150)
at java.base/java.util.stream.AbstractPipeline.evaluate(AbstractPipeline.java:234)
at java.base/java.util.stream.ReferencePipeline.findFirst(ReferencePipeline.java:647)
at org.openqa.selenium.remote.ProtocolHandshake.createSession(ProtocolHandshake.java:128)
at org.openqa.selenium.remote.ProtocolHandshake.createSession(ProtocolHandshake.java:74)
at org.openqa.selenium.remote.HttpCommandExecutor.execute(HttpCommandExecutor.java:136)
at org.openqa.selenium.remote.service.DriverCommandExecutor.execute(DriverCommandExecutor.java:83)
at org.openqa.selenium.remote.RemoteWebDriver.execute(RemoteWebDriver.java:552)
at org.openqa.selenium.remote.RemoteWebDriver.startSession(RemoteWebDriver.java:213)
at org.openqa.selenium.remote.RemoteWebDriver.<init>(RemoteWebDriver.java:131)
at org.openqa.selenium.chrome.ChromeDriver.<init>(ChromeDriver.java:181)
at org.openqa.selenium.chrome.ChromeDriver.<init>(ChromeDriver.java:168)
at org.openqa.selenium.chrome.ChromeDriver.<init>(ChromeDriver.java:123)
at TestCase.AmazonTestCase.AmazonApplication(AmazonTestCase.java:21)
... Removed 30 stack frames]]>
    </failure>
  </testcase> <!-- AmazonApplication -->
</testsuite> <!-- BasicData -->
